0 info it worked if it ends with ok
1 verbose cli [ 'C:\\Program Files\\nodejs\\node.exe',
1 verbose cli   'C:\\Program Files\\nodejs\\node_modules\\npm\\bin\\npm-cli.js',
1 verbose cli   'install',
1 verbose cli   'DefiantJS',
1 verbose cli   '--save' ]
2 info using npm@2.14.12
3 info using node@v4.2.4
4 verbose install initial load of C:\Demos\empower\package.json
5 warn package.json empowerrec@1.0.0 No repository field.
6 verbose installManyTop reading scoped package data from C:\Demos\empower\node_modules\acorn\package.json
7 verbose installManyTop reading scoped package data from C:\Demos\empower\node_modules\acorn-globals\package.json
8 verbose installManyTop reading scoped package data from C:\Demos\empower\node_modules\align-text\package.json
9 verbose installManyTop reading scoped package data from C:\Demos\empower\node_modules\amdefine\package.json
10 verbose installManyTop reading scoped package data from C:\Demos\empower\node_modules\asap\package.json
11 verbose installManyTop reading scoped package data from C:\Demos\empower\node_modules\async\package.json
12 verbose installManyTop reading scoped package data from C:\Demos\empower\node_modules\base64-js\package.json
13 verbose installManyTop reading scoped package data from C:\Demos\empower\node_modules\body-parser\package.json
14 verbose installManyTop reading scoped package data from C:\Demos\empower\node_modules\camelcase\package.json
15 verbose installManyTop reading scoped package data from C:\Demos\empower\node_modules\center-align\package.json
16 verbose installManyTop reading scoped package data from C:\Demos\empower\node_modules\character-parser\package.json
17 verbose installManyTop reading scoped package data from C:\Demos\empower\node_modules\clean-css\package.json
18 verbose installManyTop reading scoped package data from C:\Demos\empower\node_modules\cliui\package.json
19 verbose installManyTop reading scoped package data from C:\Demos\empower\node_modules\commander\package.json
20 verbose installManyTop reading scoped package data from C:\Demos\empower\node_modules\constantinople\package.json
21 verbose installManyTop reading scoped package data from C:\Demos\empower\node_modules\cookie-parser\package.json
22 verbose installManyTop reading scoped package data from C:\Demos\empower\node_modules\css\package.json
23 verbose installManyTop reading scoped package data from C:\Demos\empower\node_modules\css-parse\package.json
24 verbose installManyTop reading scoped package data from C:\Demos\empower\node_modules\css-stringify\package.json
25 verbose installManyTop reading scoped package data from C:\Demos\empower\node_modules\decamelize\package.json
26 verbose installManyTop reading scoped package data from C:\Demos\empower\node_modules\ejs\package.json
27 verbose installManyTop reading scoped package data from C:\Demos\empower\node_modules\encoding\package.json
28 verbose installManyTop reading scoped package data from C:\Demos\empower\node_modules\escape-string-regexp\package.json
29 verbose installManyTop reading scoped package data from C:\Demos\empower\node_modules\express\package.json
30 verbose installManyTop reading scoped package data from C:\Demos\empower\node_modules\express-session\package.json
31 verbose installManyTop reading scoped package data from C:\Demos\empower\node_modules\gettext-parser\package.json
32 verbose installManyTop reading scoped package data from C:\Demos\empower\node_modules\gobbledygook\package.json
33 verbose installManyTop reading scoped package data from C:\Demos\empower\node_modules\graceful-readlink\package.json
34 verbose installManyTop reading scoped package data from C:\Demos\empower\node_modules\gulp\package.json
35 verbose installManyTop reading scoped package data from C:\Demos\empower\node_modules\gulp-jshint\package.json
36 verbose installManyTop reading scoped package data from C:\Demos\empower\node_modules\gulp-load-plugins\package.json
37 verbose installManyTop reading scoped package data from C:\Demos\empower\node_modules\gulp-util\package.json
38 verbose installManyTop reading scoped package data from C:\Demos\empower\node_modules\i18n-abide\package.json
39 verbose installManyTop reading scoped package data from C:\Demos\empower\node_modules\iconv-lite\package.json
40 verbose installManyTop reading scoped package data from C:\Demos\empower\node_modules\is-buffer\package.json
41 verbose installManyTop reading scoped package data from C:\Demos\empower\node_modules\is-promise\package.json
42 verbose installManyTop reading scoped package data from C:\Demos\empower\node_modules\jade\package.json
43 verbose installManyTop reading scoped package data from C:\Demos\empower\node_modules\jshint\package.json
44 verbose installManyTop reading scoped package data from C:\Demos\empower\node_modules\jshint-stylish\package.json
45 verbose installManyTop reading scoped package data from C:\Demos\empower\node_modules\jstransformer\package.json
46 verbose installManyTop reading scoped package data from C:\Demos\empower\node_modules\jsxgettext\package.json
47 verbose installManyTop reading scoped package data from C:\Demos\empower\node_modules\kind-of\package.json
48 verbose installManyTop reading scoped package data from C:\Demos\empower\node_modules\lazy-cache\package.json
49 verbose installManyTop reading scoped package data from C:\Demos\empower\node_modules\lodash-node\package.json
50 verbose installManyTop reading scoped package data from C:\Demos\empower\node_modules\longest\package.json
51 verbose installManyTop reading scoped package data from C:\Demos\empower\node_modules\mailer\package.json
52 verbose installManyTop reading scoped package data from C:\Demos\empower\node_modules\minimist\package.json
53 verbose installManyTop reading scoped package data from C:\Demos\empower\node_modules\mkdirp\package.json
54 verbose installManyTop reading scoped package data from C:\Demos\empower\node_modules\mongoose\package.json
55 verbose installManyTop reading scoped package data from C:\Demos\empower\node_modules\morgan\package.json
56 verbose installManyTop reading scoped package data from C:\Demos\empower\node_modules\nodemailer\package.json
57 verbose installManyTop reading scoped package data from C:\Demos\empower\node_modules\optimist\package.json
58 verbose installManyTop reading scoped package data from C:\Demos\empower\node_modules\passport\package.json
59 verbose installManyTop reading scoped package data from C:\Demos\empower\node_modules\passport-facebook\package.json
60 verbose installManyTop reading scoped package data from C:\Demos\empower\node_modules\passport-google-oauth\package.json
61 verbose installManyTop reading scoped package data from C:\Demos\empower\node_modules\passport-local\package.json
62 verbose installManyTop reading scoped package data from C:\Demos\empower\node_modules\path\package.json
63 verbose installManyTop reading scoped package data from C:\Demos\empower\node_modules\plist\package.json
64 verbose installManyTop reading scoped package data from C:\Demos\empower\node_modules\promise\package.json
65 verbose installManyTop reading scoped package data from C:\Demos\empower\node_modules\repeat-string\package.json
66 verbose installManyTop reading scoped package data from C:\Demos\empower\node_modules\right-align\package.json
67 verbose installManyTop reading scoped package data from C:\Demos\empower\node_modules\source-map\package.json
68 verbose installManyTop reading scoped package data from C:\Demos\empower\node_modules\stylus\package.json
69 verbose installManyTop reading scoped package data from C:\Demos\empower\node_modules\transformers\package.json
70 verbose installManyTop reading scoped package data from C:\Demos\empower\node_modules\uglify-js\package.json
71 verbose installManyTop reading scoped package data from C:\Demos\empower\node_modules\uglify-to-browserify\package.json
72 verbose installManyTop reading scoped package data from C:\Demos\empower\node_modules\util-deprecate\package.json
73 verbose installManyTop reading scoped package data from C:\Demos\empower\node_modules\void-elements\package.json
74 verbose installManyTop reading scoped package data from C:\Demos\empower\node_modules\window-size\package.json
75 verbose installManyTop reading scoped package data from C:\Demos\empower\node_modules\with\package.json
76 verbose installManyTop reading scoped package data from C:\Demos\empower\node_modules\wordwrap\package.json
77 verbose installManyTop reading scoped package data from C:\Demos\empower\node_modules\xmlbuilder\package.json
78 verbose installManyTop reading scoped package data from C:\Demos\empower\node_modules\xmldom\package.json
79 verbose installManyTop reading scoped package data from C:\Demos\empower\node_modules\yargs\package.json
80 info package.json acorn@0.11.0 No license field.
81 info package.json asap@1.0.0 No repository field.
82 info package.json asap@1.0.0 No license field.
83 info package.json async@0.9.0 No license field.
84 info package.json css@1.0.8 No repository field.
85 info package.json css@1.0.8 No license field.
86 info package.json css-stringify@1.0.5 No repository field.
87 info package.json css-stringify@1.0.5 No license field.
88 info package.json css-parse@1.0.4 No repository field.
89 info package.json css-parse@1.0.4 No license field.
90 info package.json gobbledygook@0.0.4 No license field.
91 info package.json i18n-abide@0.0.25 No license field.
92 info package.json longest@1.0.1 license should be a valid SPDX license expression
93 info package.json optimist@0.6.1 license should be a valid SPDX license expression
94 info package.json plist@1.1.0 No license field.
95 info package.json path@0.12.7 path is also the name of a node core module.
96 info package.json passport-local@1.0.0 No license field.
97 info package.json window-size@0.1.0 No license field.
98 info package.json xmlbuilder@2.2.1 No license field.
99 info package.json xmldom@0.1.22 No license field.
100 info package.json mailer@0.6.7 No license field.
101 info package.json passport-google-oauth@0.2.0 No license field.
102 verbose readDependencies loading dependencies from C:\Demos\empower\package.json
103 silly cache add args [ 'DefiantJS', null ]
104 verbose cache add spec DefiantJS
105 silly cache add parsed spec Result {
105 silly cache add   raw: 'DefiantJS',
105 silly cache add   scope: null,
105 silly cache add   name: 'DefiantJS',
105 silly cache add   rawSpec: '',
105 silly cache add   spec: 'latest',
105 silly cache add   type: 'tag' }
106 silly addNamed DefiantJS@latest
107 verbose addNamed "latest" is being treated as a dist-tag for DefiantJS
108 info addNameTag [ 'DefiantJS', 'latest' ]
109 silly mapToRegistry name DefiantJS
110 silly mapToRegistry using default registry
111 silly mapToRegistry registry https://registry.npmjs.org/
112 silly mapToRegistry uri https://registry.npmjs.org/DefiantJS
113 verbose addNameTag registry:https://registry.npmjs.org/DefiantJS not in flight; fetching
114 verbose request uri https://registry.npmjs.org/DefiantJS
115 verbose request no auth needed
116 info attempt registry request try #1 at 14:14:25
117 verbose request id 2385bdba9faf205f
118 http request GET https://registry.npmjs.org/DefiantJS
119 http 404 https://registry.npmjs.org/DefiantJS
120 verbose headers { 'content-type': 'application/json',
120 verbose headers   'cache-control': 'max-age=0',
120 verbose headers   'content-length': '2',
120 verbose headers   'accept-ranges': 'bytes',
120 verbose headers   date: 'Tue, 05 Apr 2016 12:14:35 GMT',
120 verbose headers   via: '1.1 varnish',
120 verbose headers   age: '0',
120 verbose headers   connection: 'keep-alive',
120 verbose headers   'x-served-by': 'cache-lhr6331-LHR',
120 verbose headers   'x-cache': 'MISS',
120 verbose headers   'x-cache-hits': '0',
120 verbose headers   'x-timer': 'S1459858475.190009,VS0,VE174' }
121 silly get cb [ 404,
121 silly get   { 'content-type': 'application/json',
121 silly get     'cache-control': 'max-age=0',
121 silly get     'content-length': '2',
121 silly get     'accept-ranges': 'bytes',
121 silly get     date: 'Tue, 05 Apr 2016 12:14:35 GMT',
121 silly get     via: '1.1 varnish',
121 silly get     age: '0',
121 silly get     connection: 'keep-alive',
121 silly get     'x-served-by': 'cache-lhr6331-LHR',
121 silly get     'x-cache': 'MISS',
121 silly get     'x-cache-hits': '0',
121 silly get     'x-timer': 'S1459858475.190009,VS0,VE174' } ]
122 verbose stack Error: Registry returned 404 for GET on https://registry.npmjs.org/DefiantJS
122 verbose stack     at makeError (C:\Program Files\nodejs\node_modules\npm\node_modules\npm-registry-client\lib\request.js:264:12)
122 verbose stack     at CachingRegistryClient.<anonymous> (C:\Program Files\nodejs\node_modules\npm\node_modules\npm-registry-client\lib\request.js:242:14)
122 verbose stack     at Request._callback (C:\Program Files\nodejs\node_modules\npm\node_modules\npm-registry-client\lib\request.js:172:14)
122 verbose stack     at Request.self.callback (C:\Program Files\nodejs\node_modules\npm\node_modules\request\request.js:198:22)
122 verbose stack     at emitTwo (events.js:87:13)
122 verbose stack     at Request.emit (events.js:172:7)
122 verbose stack     at Request.<anonymous> (C:\Program Files\nodejs\node_modules\npm\node_modules\request\request.js:1082:10)
122 verbose stack     at emitOne (events.js:82:20)
122 verbose stack     at Request.emit (events.js:169:7)
122 verbose stack     at IncomingMessage.<anonymous> (C:\Program Files\nodejs\node_modules\npm\node_modules\request\request.js:1009:12)
123 verbose statusCode 404
124 verbose pkgid DefiantJS
125 verbose cwd C:\Demos\empower
126 error Windows_NT 6.3.9600
127 error argv "C:\\Program Files\\nodejs\\node.exe" "C:\\Program Files\\nodejs\\node_modules\\npm\\bin\\npm-cli.js" "install" "DefiantJS" "--save"
128 error node v4.2.4
129 error npm  v2.14.12
130 error code E404
131 error 404 Registry returned 404 for GET on https://registry.npmjs.org/DefiantJS
131 error 404
131 error 404 'DefiantJS' is not in the npm registry.
131 error 404 Your package name is not valid, because
131 error 404
131 error 404  1. name can no longer contain capital letters
131 error 404 It was specified as a dependency of 'empowerrec'
131 error 404
131 error 404 Note that you can also install from a
131 error 404 tarball, folder, http url, or git url.
132 verbose exit [ 1, true ]
